[debug] [2024-08-09T10:58:16.031Z] ----------------------------------------------------------------------
[debug] [2024-08-09T10:58:16.035Z] Command:       C:\Program Files\nodejs\node.exe C:\Users\moham\AppData\Roaming\npm\node_modules\firebase-tools\lib\bin\firebase.js projects:list --json
[debug] [2024-08-09T10:58:16.036Z] CLI Version:   13.15.0
[debug] [2024-08-09T10:58:16.036Z] Platform:      win32
[debug] [2024-08-09T10:58:16.036Z] Node Version:  v20.14.0
[debug] [2024-08-09T10:58:16.037Z] Time:          Fri Aug 09 2024 15:58:16 GMT+0500 (Pakistan Standard Time)
[debug] [2024-08-09T10:58:16.037Z] ----------------------------------------------------------------------
[debug] 
[debug] [2024-08-09T10:58:16.048Z] > command requires scopes: ["email","openid","https://www.googleapis.com/auth/cloudplatformprojects.readonly","https://www.googleapis.com/auth/firebase","https://www.googleapis.com/auth/cloud-platform"]
[debug] [2024-08-09T10:58:16.049Z] > authorizing via signed-in user (mohammadk2505@gmail.com)
[debug] [2024-08-09T10:58:16.054Z] > refreshing access token with scopes: []
[debug] [2024-08-09T10:58:16.057Z] >>> [apiv2][query] POST https://www.googleapis.com/oauth2/v3/token [none]
[debug] [2024-08-09T10:58:16.057Z] >>> [apiv2][body] POST https://www.googleapis.com/oauth2/v3/token [omitted]
[debug] [2024-08-09T10:58:16.532Z] <<< [apiv2][status] POST https://www.googleapis.com/oauth2/v3/token 400
[debug] [2024-08-09T10:58:16.532Z] <<< [apiv2][body] POST https://www.googleapis.com/oauth2/v3/token [omitted]
[debug] [2024-08-09T10:58:16.533Z] >>> [apiv2][query] GET https://firebase.googleapis.com/v1beta1/projects pageSize=1000
[debug] [2024-08-09T10:58:16.949Z] <<< [apiv2][status] GET https://firebase.googleapis.com/v1beta1/projects 401
[debug] [2024-08-09T10:58:16.950Z] <<< [apiv2][body] GET https://firebase.googleapis.com/v1beta1/projects [omitted]
[debug] [2024-08-09T10:58:16.952Z] HTTP Error: 401, Request had invalid authentication credentials. Expected OAuth 2 access token, login cookie or other valid authentication credential. See https://developers.google.com/identity/sign-in/web/devconsole-project.
[debug] [2024-08-09T10:58:16.954Z] FirebaseError: HTTP Error: 401, Request had invalid authentication credentials. Expected OAuth 2 access token, login cookie or other valid authentication credential. See https://developers.google.com/identity/sign-in/web/devconsole-project.
    at responseToError (C:\Users\moham\AppData\Roaming\npm\node_modules\firebase-tools\lib\responseToError.js:49:12)
    at RetryOperation._fn (C:\Users\moham\AppData\Roaming\npm\node_modules\firebase-tools\lib\apiv2.js:305:77)
    at process.processTicksAndRejections (node:internal/process/task_queues:95:5)
[error] 
[error] Error: Failed to list Firebase projects. See firebase-debug.log for more info.
